<?xml version="1.0" encoding="UTF-8"?>
<testsuites name="Clemency Suite Collection" time="171.65" tests="3" failures="0" errors="0">
   <testsuite name="Clemency Regression Testing" tests="3" failures="0" errors="0" time="165.728" timestamp="2020-08-27 10:41:54" hostname="MIGUEL.ODA - EIS10L111462.accounts.cdcr.ca.gov" id="Test Suites/Clemency Regression Testing">
      <properties>
         <property name="deviceName" value=""/>
         <property name="devicePlatform" value=""/>
         <property name="logFolder" value="C:\\Users\\miguel.oda\\Documents\\KatalonProjects\\Clemency Scripts\\Reports\\20200827_104152\\Clemency Regression Testing\\20200827_104152"/>
         <property name="logFiles" value="C:\\Users\\miguel.oda\\Documents\\KatalonProjects\\Clemency Scripts\\Reports\\20200827_104152\\Clemency Regression Testing\\20200827_104152\\execution0.log"/>
         <property name="attachments" value=""/>
         <property name="hostName" value="MIGUEL.ODA - EIS10L111462.accounts.cdcr.ca.gov"/>
         <property name="os" value="Windows 10 64bit"/>
         <property name="katalonVersion" value="7.6.2.205"/>
         <property name="browser" value="Chrome 84.0.4147.135"/>
         <property name="hostAddress" value="10.124.46.37"/>
         <property name="sessionId" value="1f2f18312b20fdde8c36b032dbe6d039"/>
         <property name="seleniumVersion" value="3.141.59"/>
         <property name="proxyInformation" value="ProxyInformation { proxyOption=USE_SYSTEM, proxyServerType=HTTP, username=miguel.oda, password=********, proxyServerAddress=agency-proxy.lb.cdcr.ca.gov, proxyServerPort=8080, executionList=\&quot;cdcr.ca.gov;*.cdcr.ca.gov;*cphcs.ca.gov;*.corr.ca.gov;*.cya.ca.gov;ms-cal-\&quot;, isApplyToDesiredCapabilities=false }"/>
         <property name="platform" value="Windows 10"/>
      </properties>
      <testcase name="Test Cases/Clemency Regression Testing/1-InitiateClemencyCase" time="71.775" classname="Test Cases/Clemency Regression Testing/1-InitiateClemencyCase" status="PASSED">
         <system-out><![CDATA[2020-08-27 10:41:54 - [TEST_CASE][PASSED] - Test Cases/Clemency Regression Testing/1-InitiateClemencyCase: Test Cases/Clemency Regression Testing/1-InitiateClemencyCase

2020-08-27 10:41:55 - [TEST_STEP][PASSED] - openBrowser(""): Browser is opened with url: ''

2020-08-27 10:41:55 - [MESSAGE][INFO] - Starting 'Chrome' driver

2020-08-27 10:41:56 - [MESSAGE][INFO] - Action delay is set to 0 milliseconds

2020-08-27 10:41:59 - [MESSAGE][PASSED] - Browser is opened with url: ''

2020-08-27 10:41:59 - [TEST_STEP][PASSED] - deleteAllCookies(): Delete all cookies successfully

2020-08-27 10:41:59 - [MESSAGE][PASSED] - Delete all cookies successfully

2020-08-27 10:41:59 - [TEST_STEP][PASSED] - maximizeWindow(): Current window maximized

2020-08-27 10:42:00 - [MESSAGE][PASSED] - Current window maximized

2020-08-27 10:42:00 - [TEST_STEP][PASSED] - navigateToUrl(Url + "ngbits/clemency/support-staff"): Navigate to 'https://bits-dev4qa/ngbits/clemency/support-staff' successfully

2020-08-27 10:42:17 - [MESSAGE][PASSED] - Navigate to 'https://bits-dev4qa/ngbits/clemency/support-staff' successfully

2020-08-27 10:42:17 - [TEST_STEP][PASSED] - waitForElementVisible(findTestObject("ClemencyRegressionTesting/Support Staff/button_Initiate New Case"), 0): Object 'Object Repository/ClemencyRegressionTesting/Support Staff/button_Initiate New Case' is visible

2020-08-27 10:42:18 - [MESSAGE][WARNING] - Timeout '0' is invalid. Using default page load timeout: '30'

2020-08-27 10:42:37 - [MESSAGE][PASSED] - Object 'Object Repository/ClemencyRegressionTesting/Support Staff/button_Initiate New Case' is visible

2020-08-27 10:42:37 - [TEST_STEP][PASSED] - click(findTestObject("ClemencyRegressionTesting/Support Staff/button_Initiate New Case")): Object: 'Object Repository/ClemencyRegressionTesting/Support Staff/button_Initiate New Case' is clicked on

2020-08-27 10:42:37 - [MESSAGE][PASSED] - Object: 'Object Repository/ClemencyRegressionTesting/Support Staff/button_Initiate New Case' is clicked on

2020-08-27 10:42:37 - [TEST_STEP][PASSED] - click(findTestObject("ClemencyRegressionTesting/Support Staff/div_Documents_mat-select-arrow")): Object: 'Object Repository/ClemencyRegressionTesting/Support Staff/div_Documents_mat-select-arrow' is clicked on

2020-08-27 10:42:39 - [MESSAGE][PASSED] - Object: 'Object Repository/ClemencyRegressionTesting/Support Staff/div_Documents_mat-select-arrow' is clicked on

2020-08-27 10:42:39 - [TEST_STEP][PASSED] - click(findTestObject("ClemencyRegressionTesting/Support Staff/span_Pardon (CR)")): Object: 'Object Repository/ClemencyRegressionTesting/Support Staff/span_Pardon (CR)' is clicked on

2020-08-27 10:42:39 - [MESSAGE][PASSED] - Object: 'Object Repository/ClemencyRegressionTesting/Support Staff/span_Pardon (CR)' is clicked on

2020-08-27 10:42:39 - [TEST_STEP][PASSED] - click(findTestObject("ClemencyRegressionTesting/Support Staff/div_Expedite")): Object: 'Object Repository/ClemencyRegressionTesting/Support Staff/div_Expedite' is clicked on

2020-08-27 10:42:40 - [MESSAGE][PASSED] - Object: 'Object Repository/ClemencyRegressionTesting/Support Staff/div_Expedite' is clicked on

2020-08-27 10:42:40 - [TEST_STEP][PASSED] - click(findTestObject("ClemencyRegressionTesting/Support Staff/div_Expedite_mat-select-arrow")): Object: 'Object Repository/ClemencyRegressionTesting/Support Staff/div_Expedite_mat-select-arrow' is clicked on

2020-08-27 10:42:41 - [MESSAGE][PASSED] - Object: 'Object Repository/ClemencyRegressionTesting/Support Staff/div_Expedite_mat-select-arrow' is clicked on

2020-08-27 10:42:41 - [TEST_STEP][PASSED] - click(findTestObject("ClemencyRegressionTesting/Support Staff/span_Single Felony")): Object: 'Object Repository/ClemencyRegressionTesting/Support Staff/span_Single Felony' is clicked on

2020-08-27 10:42:41 - [MESSAGE][PASSED] - Object: 'Object Repository/ClemencyRegressionTesting/Support Staff/span_Single Felony' is clicked on

2020-08-27 10:42:41 - [TEST_STEP][PASSED] - click(findTestObject("ClemencyRegressionTesting/Support Staff/div_Source_mat-select-arrow-wrapper")): Object: 'Object Repository/ClemencyRegressionTesting/Support Staff/div_Source_mat-select-arrow-wrapper' is clicked on

2020-08-27 10:42:43 - [MESSAGE][PASSED] - Object: 'Object Repository/ClemencyRegressionTesting/Support Staff/div_Source_mat-select-arrow-wrapper' is clicked on

2020-08-27 10:42:43 - [TEST_STEP][PASSED] - click(findTestObject("ClemencyRegressionTesting/Support Staff/span_Court")): Object: 'Object Repository/ClemencyRegressionTesting/Support Staff/span_Court' is clicked on

2020-08-27 10:42:43 - [MESSAGE][PASSED] - Object: 'Object Repository/ClemencyRegressionTesting/Support Staff/span_Court' is clicked on

2020-08-27 10:42:43 - [TEST_STEP][PASSED] - CDATE = SimpleDateFormat(MM-dd-yyyy).format(getInstance().getTime()): null

2020-08-27 10:42:43 - [TEST_STEP][PASSED] - println("CurrentDate: " + CDATE): null

2020-08-27 10:42:43 - [TEST_STEP][PASSED] - setText(findTestObject("ClemencyRegressionTesting/Support Staff/input_Source_receivedDate"), CDATE): Text '08-27-2020' is set on object 'Object Repository/ClemencyRegressionTesting/Support Staff/input_Source_receivedDate'

2020-08-27 10:42:45 - [MESSAGE][PASSED] - Text '08-27-2020' is set on object 'Object Repository/ClemencyRegressionTesting/Support Staff/input_Source_receivedDate'

2020-08-27 10:42:45 - [TEST_STEP][PASSED] - setText(findTestObject("ClemencyRegressionTesting/Support Staff/input_Personal Details_first-name"), "KatalonSW"): Text 'KatalonSW' is set on object 'Object Repository/ClemencyRegressionTesting/Support Staff/input_Personal Details_first-name'

2020-08-27 10:42:46 - [MESSAGE][PASSED] - Text 'KatalonSW' is set on object 'Object Repository/ClemencyRegressionTesting/Support Staff/input_Personal Details_first-name'

2020-08-27 10:42:46 - [TEST_STEP][PASSED] - setText(findTestObject("ClemencyRegressionTesting/Support Staff/input_MiddleName"), "K"): Text 'K' is set on object 'Object Repository/ClemencyRegressionTesting/Support Staff/input_MiddleName'

2020-08-27 10:42:46 - [MESSAGE][PASSED] - Text 'K' is set on object 'Object Repository/ClemencyRegressionTesting/Support Staff/input_MiddleName'

2020-08-27 10:42:46 - [TEST_STEP][PASSED] - setText(findTestObject("ClemencyRegressionTesting/Support Staff/input_LastName"), "Studio"): Text 'Studio' is set on object 'Object Repository/ClemencyRegressionTesting/Support Staff/input_LastName'

2020-08-27 10:42:47 - [MESSAGE][PASSED] - Text 'Studio' is set on object 'Object Repository/ClemencyRegressionTesting/Support Staff/input_LastName'

2020-08-27 10:42:47 - [TEST_STEP][PASSED] - setText(findTestObject("ClemencyRegressionTesting/Support Staff/input_DOB"), "2/5/1990"): Text '2/5/1990' is set on object 'Object Repository/ClemencyRegressionTesting/Support Staff/input_DOB'

2020-08-27 10:42:48 - [MESSAGE][PASSED] - Text '2/5/1990' is set on object 'Object Repository/ClemencyRegressionTesting/Support Staff/input_DOB'

2020-08-27 10:42:48 - [TEST_STEP][PASSED] - setText(findTestObject("ClemencyRegressionTesting/Support Staff/input_SSN"), "123456789"): Text '123456789' is set on object 'Object Repository/ClemencyRegressionTesting/Support Staff/input_SSN'

2020-08-27 10:42:49 - [MESSAGE][PASSED] - Text '123456789' is set on object 'Object Repository/ClemencyRegressionTesting/Support Staff/input_SSN'

2020-08-27 10:42:49 - [TEST_STEP][PASSED] - setText(findTestObject("ClemencyRegressionTesting/Support Staff/input_DateSignedByApplicant"), CDATE): Text '08-27-2020' is set on object 'Object Repository/ClemencyRegressionTesting/Support Staff/input_DateSignedByApplicant'

2020-08-27 10:42:50 - [MESSAGE][PASSED] - Text '08-27-2020' is set on object 'Object Repository/ClemencyRegressionTesting/Support Staff/input_DateSignedByApplicant'

2020-08-27 10:42:50 - [TEST_STEP][NOT_RUN] - setText(findTestObject("ClemencyRegressionTesting/Support Staff/input_Identifiers_mat-input-1"), "BH6732"): NOT_RUN: setText(findTestObject("ClemencyRegressionTesting/Support Staff/input_Identifiers_mat-input-1"), "BH6732")

2020-08-27 10:42:50 - [MESSAGE][NOT_RUN] - NOT_RUN: setText(findTestObject("ClemencyRegressionTesting/Support Staff/input_Identifiers_mat-input-1"), "BH6732")

2020-08-27 10:42:50 - [TEST_STEP][PASSED] - setText(findTestObject("ClemencyRegressionTesting/Support Staff/input_CII"), "8800AC-879b"): Text '8800AC-879b' is set on object 'Object Repository/ClemencyRegressionTesting/Support Staff/input_CII'

2020-08-27 10:42:51 - [MESSAGE][PASSED] - Text '8800AC-879b' is set on object 'Object Repository/ClemencyRegressionTesting/Support Staff/input_CII'

2020-08-27 10:42:51 - [TEST_STEP][PASSED] - setText(findTestObject("ClemencyRegressionTesting/Support Staff/input_FBI"), "2345"): Text '2345' is set on object 'Object Repository/ClemencyRegressionTesting/Support Staff/input_FBI'

2020-08-27 10:42:52 - [MESSAGE][PASSED] - Text '2345' is set on object 'Object Repository/ClemencyRegressionTesting/Support Staff/input_FBI'

2020-08-27 10:42:52 - [TEST_STEP][PASSED] - setText(findTestObject("ClemencyRegressionTesting/Support Staff/input_Addresses_mat-input-19"), "222 Market Street"): Text '222 Market Street' is set on object 'Object Repository/ClemencyRegressionTesting/Support Staff/input_Addresses_mat-input-19'

2020-08-27 10:42:53 - [MESSAGE][PASSED] - Text '222 Market Street' is set on object 'Object Repository/ClemencyRegressionTesting/Support Staff/input_Addresses_mat-input-19'

2020-08-27 10:42:53 - [TEST_STEP][PASSED] - setText(findTestObject("ClemencyRegressionTesting/Support Staff/input_Residence Address_mat-input-20"), "San Francisco"): Text 'San Francisco' is set on object 'Object Repository/ClemencyRegressionTesting/Support Staff/input_Residence Address_mat-input-20'

2020-08-27 10:42:54 - [MESSAGE][PASSED] - Text 'San Francisco' is set on object 'Object Repository/ClemencyRegressionTesting/Support Staff/input_Residence Address_mat-input-20'

2020-08-27 10:42:54 - [TEST_STEP][PASSED] - setText(findTestObject("ClemencyRegressionTesting/Support Staff/input_City_mat-input-21"), "CA"): Text 'CA' is set on object 'Object Repository/ClemencyRegressionTesting/Support Staff/input_City_mat-input-21'

2020-08-27 10:42:55 - [MESSAGE][PASSED] - Text 'CA' is set on object 'Object Repository/ClemencyRegressionTesting/Support Staff/input_City_mat-input-21'

2020-08-27 10:42:55 - [TEST_STEP][PASSED] - setText(findTestObject("ClemencyRegressionTesting/Support Staff/input_Country_mat-input-22"), "95888"): Text '95888' is set on object 'Object Repository/ClemencyRegressionTesting/Support Staff/input_Country_mat-input-22'

2020-08-27 10:42:56 - [MESSAGE][PASSED] - Text '95888' is set on object 'Object Repository/ClemencyRegressionTesting/Support Staff/input_Country_mat-input-22'

2020-08-27 10:42:56 - [TEST_STEP][PASSED] - check(findTestObject("ClemencyRegressionTesting/Support Staff/div_Zip Code_mat-checkbox-inner-container")): Object 'Object Repository/ClemencyRegressionTesting/Support Staff/div_Zip Code_mat-checkbox-inner-container' is checked

2020-08-27 10:42:56 - [MESSAGE][PASSED] - Object 'Object Repository/ClemencyRegressionTesting/Support Staff/div_Zip Code_mat-checkbox-inner-container' is checked

2020-08-27 10:42:56 - [TEST_STEP][PASSED] - setText(findTestObject("ClemencyRegressionTesting/Support Staff/input_Phone Numbers  Email_mat-input-4"), "123-456-7890"): Text '123-456-7890' is set on object 'Object Repository/ClemencyRegressionTesting/Support Staff/input_Phone Numbers  Email_mat-input-4'

2020-08-27 10:42:57 - [MESSAGE][PASSED] - Text '123-456-7890' is set on object 'Object Repository/ClemencyRegressionTesting/Support Staff/input_Phone Numbers  Email_mat-input-4'

2020-08-27 10:42:57 - [TEST_STEP][PASSED] - setText(findTestObject("ClemencyRegressionTesting/Support Staff/input_WorkTelNum"), "9876543621"): Text '9876543621' is set on object 'Object Repository/ClemencyRegressionTesting/Support Staff/input_WorkTelNum'

2020-08-27 10:42:58 - [MESSAGE][PASSED] - Text '9876543621' is set on object 'Object Repository/ClemencyRegressionTesting/Support Staff/input_WorkTelNum'

2020-08-27 10:42:58 - [TEST_STEP][PASSED] - setText(findTestObject("ClemencyRegressionTesting/Support Staff/input_CellTelNum"), "3258741901"): Text '3258741901' is set on object 'Object Repository/ClemencyRegressionTesting/Support Staff/input_CellTelNum'

2020-08-27 10:42:59 - [MESSAGE][PASSED] - Text '3258741901' is set on object 'Object Repository/ClemencyRegressionTesting/Support Staff/input_CellTelNum'

2020-08-27 10:42:59 - [TEST_STEP][PASSED] - setText(findTestObject("ClemencyRegressionTesting/Support Staff/input_email"), "katalonstudio@ggmail.com"): Text 'katalonstudio@ggmail.com' is set on object 'Object Repository/ClemencyRegressionTesting/Support Staff/input_email'

2020-08-27 10:43:00 - [MESSAGE][PASSED] - Text 'katalonstudio@ggmail.com' is set on object 'Object Repository/ClemencyRegressionTesting/Support Staff/input_email'

2020-08-27 10:43:00 - [TEST_STEP][PASSED] - setText(findTestObject("ClemencyRegressionTesting/Support Staff/input_Jurisdiction"), "Los Angeles"): Text 'Los Angeles' is set on object 'Object Repository/ClemencyRegressionTesting/Support Staff/input_Jurisdiction'

2020-08-27 10:43:01 - [MESSAGE][PASSED] - Text 'Los Angeles' is set on object 'Object Repository/ClemencyRegressionTesting/Support Staff/input_Jurisdiction'

2020-08-27 10:43:01 - [TEST_STEP][PASSED] - setText(findTestObject("ClemencyRegressionTesting/Support Staff/input_CRNumber"), "1234"): Text '1234' is set on object 'Object Repository/ClemencyRegressionTesting/Support Staff/input_CRNumber'

2020-08-27 10:43:02 - [MESSAGE][PASSED] - Text '1234' is set on object 'Object Repository/ClemencyRegressionTesting/Support Staff/input_CRNumber'

2020-08-27 10:43:02 - [TEST_STEP][PASSED] - setText(findTestObject("ClemencyRegressionTesting/Support Staff/input_CR_hearingDT"), CDATE): Text '08-27-2020' is set on object 'Object Repository/ClemencyRegressionTesting/Support Staff/input_CR_hearingDT'

2020-08-27 10:43:03 - [MESSAGE][PASSED] - Text '08-27-2020' is set on object 'Object Repository/ClemencyRegressionTesting/Support Staff/input_CR_hearingDT'

2020-08-27 10:43:03 - [TEST_STEP][PASSED] - setText(findTestObject("ClemencyRegressionTesting/Support Staff/input_JudgeFirstName"), "Judge Katalon"): Text 'Judge Katalon' is set on object 'Object Repository/ClemencyRegressionTesting/Support Staff/input_JudgeFirstName'

2020-08-27 10:43:04 - [MESSAGE][PASSED] - Text 'Judge Katalon' is set on object 'Object Repository/ClemencyRegressionTesting/Support Staff/input_JudgeFirstName'

2020-08-27 10:43:04 - [TEST_STEP][PASSED] - setText(findTestObject("ClemencyRegressionTesting/Support Staff/input_JudgeLastName"), "Studio"): Text 'Studio' is set on object 'Object Repository/ClemencyRegressionTesting/Support Staff/input_JudgeLastName'

2020-08-27 10:43:05 - [MESSAGE][PASSED] - Text 'Studio' is set on object 'Object Repository/ClemencyRegressionTesting/Support Staff/input_JudgeLastName'

2020-08-27 10:43:05 - [TEST_STEP][NOT_RUN] - verifyElementPresent(findTestObject("ClemencyRegressionTesting/Support Staff/div_JudgeNotLegible"), 2): NOT_RUN: verifyElementPresent(findTestObject("ClemencyRegressionTesting/Support Staff/div_JudgeNotLegible"), 2)

2020-08-27 10:43:05 - [MESSAGE][NOT_RUN] - NOT_RUN: verifyElementPresent(findTestObject("ClemencyRegressionTesting/Support Staff/div_JudgeNotLegible"), 2)

2020-08-27 10:43:05 - [TEST_STEP][NOT_RUN] - comment("Validate 'Date Signed by Applicant' is cleared and disabled if user checks 'Date Not Available'."): NOT_RUN: comment("Validate 'Date Signed by Applicant' is cleared and disabled if user checks 'Date Not Available'.")

2020-08-27 10:43:05 - [MESSAGE][NOT_RUN] - NOT_RUN: comment("Validate 'Date Signed by Applicant' is cleared and disabled if user checks 'Date Not Available'.")

2020-08-27 10:43:05 - [TEST_STEP][NOT_RUN] - click(findTestObject("ClemencyRegressionTesting/Support Staff/div_DateNotAvailable_mat-checkbox-inner-container")): NOT_RUN: click(findTestObject("ClemencyRegressionTesting/Support Staff/div_DateNotAvailable_mat-checkbox-inner-container"))

2020-08-27 10:43:05 - [MESSAGE][NOT_RUN] - NOT_RUN: click(findTestObject("ClemencyRegressionTesting/Support Staff/div_DateNotAvailable_mat-checkbox-inner-container"))

2020-08-27 10:43:05 - [TEST_STEP][NOT_RUN] - setText(findTestObject("ClemencyRegressionTesting/Support Staff/input_DateSignedByApplicant"), CDATE, CONTINUE_ON_FAILURE): NOT_RUN: setText(findTestObject("ClemencyRegressionTesting/Support Staff/input_DateSignedByApplicant"), CDATE, CONTINUE_ON_FAILURE)

2020-08-27 10:43:05 - [MESSAGE][NOT_RUN] - NOT_RUN: setText(findTestObject("ClemencyRegressionTesting/Support Staff/input_DateSignedByApplicant"), CDATE, CONTINUE_ON_FAILURE)

2020-08-27 10:43:05 - [TEST_STEP][NOT_RUN] - comment("Validate "Judge" First Name and Last name are cleared and disabled is user checks 'Not Legible'."): NOT_RUN: comment("Validate "Judge" First Name and Last name are cleared and disabled is user checks 'Not Legible'.")

2020-08-27 10:43:05 - [MESSAGE][NOT_RUN] - NOT_RUN: comment("Validate "Judge" First Name and Last name are cleared and disabled is user checks 'Not Legible'.")

2020-08-27 10:43:05 - [TEST_STEP][NOT_RUN] - click(findTestObject("ClemencyRegressionTesting/Support Staff/div_NotLegible_mat-checkbox-inner-container")): NOT_RUN: click(findTestObject("ClemencyRegressionTesting/Support Staff/div_NotLegible_mat-checkbox-inner-container"))

2020-08-27 10:43:05 - [MESSAGE][NOT_RUN] - NOT_RUN: click(findTestObject("ClemencyRegressionTesting/Support Staff/div_NotLegible_mat-checkbox-inner-container"))

2020-08-27 10:43:05 - [TEST_STEP][PASSED] - click(findTestObject("ClemencyRegressionTesting/Support Staff/button_Save")): Object: 'Object Repository/ClemencyRegressionTesting/Support Staff/button_Save' is clicked on

2020-08-27 10:43:05 - [MESSAGE][PASSED] - Object: 'Object Repository/ClemencyRegressionTesting/Support Staff/button_Save' is clicked on

2020-08-27 10:43:05 - [TEST_STEP][PASSED] - closeBrowser(): Browser is closed

2020-08-27 10:43:06 - [MESSAGE][PASSED] - Browser is closed]]></system-out>
         <system-err><![CDATA[]]></system-err>
      </testcase>
      <testcase name="Test Cases/Clemency Regression Testing/2-SupportStaffEntryComplete" time="45.889" classname="Test Cases/Clemency Regression Testing/2-SupportStaffEntryComplete" status="PASSED">
         <system-out><![CDATA[2020-08-27 10:43:06 - [TEST_CASE][PASSED] - Test Cases/Clemency Regression Testing/2-SupportStaffEntryComplete: Test Cases/Clemency Regression Testing/2-SupportStaffEntryComplete

2020-08-27 10:43:06 - [TEST_STEP][PASSED] - openBrowser(""): Browser is opened with url: ''

2020-08-27 10:43:06 - [MESSAGE][INFO] - Starting 'Chrome' driver

2020-08-27 10:43:06 - [MESSAGE][INFO] - Action delay is set to 0 milliseconds

2020-08-27 10:43:09 - [MESSAGE][PASSED] - Browser is opened with url: ''

2020-08-27 10:43:09 - [TEST_STEP][PASSED] - deleteAllCookies(): Delete all cookies successfully

2020-08-27 10:43:09 - [MESSAGE][PASSED] - Delete all cookies successfully

2020-08-27 10:43:09 - [TEST_STEP][PASSED] - maximizeWindow(): Current window maximized

2020-08-27 10:43:10 - [MESSAGE][PASSED] - Current window maximized

2020-08-27 10:43:10 - [TEST_STEP][PASSED] - navigateToUrl(Url + "ngbits/clemency/support-staff"): Navigate to 'https://bits-dev4qa/ngbits/clemency/support-staff' successfully

2020-08-27 10:43:24 - [MESSAGE][PASSED] - Navigate to 'https://bits-dev4qa/ngbits/clemency/support-staff' successfully

2020-08-27 10:43:24 - [TEST_STEP][PASSED] - waitForElementVisible(findTestObject("ClemencyRegressionTesting/Supervisor Dashboard/table_PendingAssignment"), 0): Object 'Object Repository/ClemencyRegressionTesting/Supervisor Dashboard/table_PendingAssignment' is visible

2020-08-27 10:43:24 - [MESSAGE][WARNING] - Timeout '0' is invalid. Using default page load timeout: '30'

2020-08-27 10:43:44 - [MESSAGE][PASSED] - Object 'Object Repository/ClemencyRegressionTesting/Supervisor Dashboard/table_PendingAssignment' is visible

2020-08-27 10:43:44 - [TEST_STEP][PASSED] - driver = getWebDriver(): null

2020-08-27 10:43:44 - [TEST_STEP][PASSED] - ExpectedValue = "KatalonSW": null

2020-08-27 10:43:44 - [TEST_STEP][PASSED] - Table = driver.findElement(By.xpath("id("cdk-accordion-child-0")/div[@class="mat-expansion-panel-body"]/mdt-dynamic-table[1]/table[@class="mat-table"]")): null

2020-08-27 10:43:44 - [TEST_STEP][PASSED] - rows_table = Table.findElements(By.tagName("tr")): null

2020-08-27 10:43:44 - [TEST_STEP][PASSED] - rows_count = rows_table.size(): null

2020-08-27 10:43:44 - [TEST_STEP][PASSED] - for ([row = 0, row < rows_count, (row++)]): null

2020-08-27 10:43:44 - [TEST_STEP][PASSED] - Columns_row = get(row).findElements(By.tagName("td")): null

2020-08-27 10:43:44 - [TEST_STEP][PASSED] - columns_count = Columns_row.size(): null

2020-08-27 10:43:44 - [TEST_STEP][PASSED] - for ([column = 0, column < columns_count, (column++)]): null

2020-08-27 10:43:44 - [TEST_STEP][PASSED] - Columns_row = get(row).findElements(By.tagName("td")): null

2020-08-27 10:43:45 - [TEST_STEP][PASSED] - columns_count = Columns_row.size(): null

2020-08-27 10:43:45 - [TEST_STEP][PASSED] - for ([column = 0, column < columns_count, (column++)]): null

2020-08-27 10:43:45 - [TEST_STEP][PASSED] - celltext = get(column).getText(): null

2020-08-27 10:43:45 - [TEST_STEP][PASSED] - if (celltext == ExpectedValue): null

2020-08-27 10:43:45 - [TEST_STEP][PASSED] - celltext = get(column).getText(): null

2020-08-27 10:43:45 - [TEST_STEP][PASSED] - if (celltext == ExpectedValue): null

2020-08-27 10:43:45 - [TEST_STEP][PASSED] - celltext = get(column).getText(): null

2020-08-27 10:43:45 - [TEST_STEP][PASSED] - if (celltext == ExpectedValue): null

2020-08-27 10:43:45 - [TEST_STEP][PASSED] - celltext = get(column).getText(): null

2020-08-27 10:43:45 - [TEST_STEP][PASSED] - if (celltext == ExpectedValue): null

2020-08-27 10:43:45 - [TEST_STEP][PASSED] - celltext = get(column).getText(): null

2020-08-27 10:43:45 - [TEST_STEP][PASSED] - if (celltext == ExpectedValue): null

2020-08-27 10:43:45 - [TEST_STEP][PASSED] - celltext = get(column).getText(): null

2020-08-27 10:43:45 - [TEST_STEP][PASSED] - if (celltext == ExpectedValue): null

2020-08-27 10:43:45 - [TEST_STEP][PASSED] - celltext = get(column).getText(): null

2020-08-27 10:43:45 - [TEST_STEP][PASSED] - if (celltext == ExpectedValue): null

2020-08-27 10:43:45 - [TEST_STEP][PASSED] - Columns_row = get(row).findElements(By.tagName("td")): null

2020-08-27 10:43:45 - [TEST_STEP][PASSED] - columns_count = Columns_row.size(): null

2020-08-27 10:43:45 - [TEST_STEP][PASSED] - for ([column = 0, column < columns_count, (column++)]): null

2020-08-27 10:43:45 - [TEST_STEP][PASSED] - celltext = get(column).getText(): null

2020-08-27 10:43:45 - [TEST_STEP][PASSED] - if (celltext == ExpectedValue): null

2020-08-27 10:43:45 - [TEST_STEP][PASSED] - celltext = get(column).getText(): null

2020-08-27 10:43:45 - [TEST_STEP][PASSED] - if (celltext == ExpectedValue): null

2020-08-27 10:43:45 - [TEST_STEP][PASSED] - CaseID = get(0).getText(): null

2020-08-27 10:43:45 - [TEST_STEP][PASSED] - println("Case ID: " + CaseID): null

2020-08-27 10:43:45 - [TEST_STEP][PASSED] - tagName("button")).click(): null

2020-08-27 10:43:45 - [TEST_STEP][PASSED] - break: null

2020-08-27 10:43:45 - [TEST_STEP][PASSED] - waitForElementVisible(findTestObject("ClemencyRegressionTesting/Support Staff/button_Entry Complete"), 0): Object 'Object Repository/ClemencyRegressionTesting/Support Staff/button_Entry Complete' is visible

2020-08-27 10:43:45 - [MESSAGE][WARNING] - Timeout '0' is invalid. Using default page load timeout: '30'

2020-08-27 10:43:48 - [MESSAGE][PASSED] - Object 'Object Repository/ClemencyRegressionTesting/Support Staff/button_Entry Complete' is visible

2020-08-27 10:43:48 - [TEST_STEP][PASSED] - click(findTestObject("ClemencyRegressionTesting/Support Staff/button_Entry Complete")): Object: 'Object Repository/ClemencyRegressionTesting/Support Staff/button_Entry Complete' is clicked on

2020-08-27 10:43:48 - [MESSAGE][PASSED] - Object: 'Object Repository/ClemencyRegressionTesting/Support Staff/button_Entry Complete' is clicked on

2020-08-27 10:43:48 - [TEST_STEP][PASSED] - delay(3): Delayed 3 second(s)

2020-08-27 10:43:51 - [MESSAGE][PASSED] - Delayed 3 second(s)

2020-08-27 10:43:51 - [TEST_STEP][PASSED] - closeBrowser(): Browser is closed

2020-08-27 10:43:52 - [MESSAGE][PASSED] - Browser is closed]]></system-out>
         <system-err><![CDATA[]]></system-err>
      </testcase>
      <testcase name="Test Cases/Clemency Regression Testing/3-SupervisorAssignCase" time="47.78" classname="Test Cases/Clemency Regression Testing/3-SupervisorAssignCase" status="PASSED">
         <system-out><![CDATA[2020-08-27 10:43:52 - [TEST_CASE][PASSED] - Test Cases/Clemency Regression Testing/3-SupervisorAssignCase: Test Cases/Clemency Regression Testing/3-SupervisorAssignCase

2020-08-27 10:43:52 - [TEST_STEP][PASSED] - openBrowser(""): Browser is opened with url: ''

2020-08-27 10:43:52 - [MESSAGE][INFO] - Starting 'Chrome' driver

2020-08-27 10:43:52 - [MESSAGE][INFO] - Action delay is set to 0 milliseconds

2020-08-27 10:43:55 - [MESSAGE][PASSED] - Browser is opened with url: ''

2020-08-27 10:43:55 - [TEST_STEP][PASSED] - deleteAllCookies(): Delete all cookies successfully

2020-08-27 10:43:55 - [MESSAGE][PASSED] - Delete all cookies successfully

2020-08-27 10:43:55 - [TEST_STEP][PASSED] - maximizeWindow(): Current window maximized

2020-08-27 10:43:56 - [MESSAGE][PASSED] - Current window maximized

2020-08-27 10:43:56 - [TEST_STEP][PASSED] - navigateToUrl(Url + "ngbits/clemency/supervisor"): Navigate to 'https://bits-dev4qa/ngbits/clemency/supervisor' successfully

2020-08-27 10:44:10 - [MESSAGE][PASSED] - Navigate to 'https://bits-dev4qa/ngbits/clemency/supervisor' successfully

2020-08-27 10:44:10 - [TEST_STEP][PASSED] - waitForElementVisible(findTestObject("ClemencyRegressionTesting/Supervisor Dashboard/table_PendingAssignment"), 0): Object 'Object Repository/ClemencyRegressionTesting/Supervisor Dashboard/table_PendingAssignment' is visible

2020-08-27 10:44:10 - [MESSAGE][WARNING] - Timeout '0' is invalid. Using default page load timeout: '30'

2020-08-27 10:44:31 - [MESSAGE][PASSED] - Object 'Object Repository/ClemencyRegressionTesting/Supervisor Dashboard/table_PendingAssignment' is visible

2020-08-27 10:44:31 - [TEST_STEP][PASSED] - driver = getWebDriver(): null

2020-08-27 10:44:31 - [TEST_STEP][PASSED] - ExpectedValue = "KatalonSW": null

2020-08-27 10:44:31 - [TEST_STEP][PASSED] - Table = driver.findElement(By.xpath("id("cdk-accordion-child-0")/div[@class="mat-expansion-panel-body"]/mdt-dynamic-table[1]/table[@class="mat-table"]")): null

2020-08-27 10:44:31 - [TEST_STEP][PASSED] - rows_table = Table.findElements(By.tagName("tr")): null

2020-08-27 10:44:31 - [TEST_STEP][PASSED] - rows_count = rows_table.size(): null

2020-08-27 10:44:31 - [TEST_STEP][PASSED] - for ([row = 0, row < rows_count, (row++)]): null

2020-08-27 10:44:31 - [TEST_STEP][PASSED] - Columns_row = get(row).findElements(By.tagName("td")): null

2020-08-27 10:44:32 - [TEST_STEP][PASSED] - columns_count = Columns_row.size(): null

2020-08-27 10:44:32 - [TEST_STEP][PASSED] - for ([column = 0, column < columns_count, (column++)]): null

2020-08-27 10:44:32 - [TEST_STEP][PASSED] - Columns_row = get(row).findElements(By.tagName("td")): null

2020-08-27 10:44:32 - [TEST_STEP][PASSED] - columns_count = Columns_row.size(): null

2020-08-27 10:44:32 - [TEST_STEP][PASSED] - for ([column = 0, column < columns_count, (column++)]): null

2020-08-27 10:44:32 - [TEST_STEP][PASSED] - celltext = get(column).getText(): null

2020-08-27 10:44:32 - [TEST_STEP][PASSED] - if (celltext == ExpectedValue): null

2020-08-27 10:44:32 - [TEST_STEP][PASSED] - celltext = get(column).getText(): null

2020-08-27 10:44:32 - [TEST_STEP][PASSED] - if (celltext == ExpectedValue): null

2020-08-27 10:44:32 - [TEST_STEP][PASSED] - celltext = get(column).getText(): null

2020-08-27 10:44:32 - [TEST_STEP][PASSED] - if (celltext == ExpectedValue): null

2020-08-27 10:44:32 - [TEST_STEP][PASSED] - celltext = get(column).getText(): null

2020-08-27 10:44:32 - [TEST_STEP][PASSED] - if (celltext == ExpectedValue): null

2020-08-27 10:44:32 - [TEST_STEP][PASSED] - celltext = get(column).getText(): null

2020-08-27 10:44:32 - [TEST_STEP][PASSED] - if (celltext == ExpectedValue): null

2020-08-27 10:44:32 - [TEST_STEP][PASSED] - celltext = get(column).getText(): null

2020-08-27 10:44:32 - [TEST_STEP][PASSED] - if (celltext == ExpectedValue): null

2020-08-27 10:44:32 - [TEST_STEP][PASSED] - celltext = get(column).getText(): null

2020-08-27 10:44:32 - [TEST_STEP][PASSED] - if (celltext == ExpectedValue): null

2020-08-27 10:44:32 - [TEST_STEP][PASSED] - celltext = get(column).getText(): null

2020-08-27 10:44:32 - [TEST_STEP][PASSED] - if (celltext == ExpectedValue): null

2020-08-27 10:44:32 - [TEST_STEP][PASSED] - celltext = get(column).getText(): null

2020-08-27 10:44:32 - [TEST_STEP][PASSED] - if (celltext == ExpectedValue): null

2020-08-27 10:44:32 - [TEST_STEP][PASSED] - Columns_row = get(row).findElements(By.tagName("td")): null

2020-08-27 10:44:32 - [TEST_STEP][PASSED] - columns_count = Columns_row.size(): null

2020-08-27 10:44:32 - [TEST_STEP][PASSED] - for ([column = 0, column < columns_count, (column++)]): null

2020-08-27 10:44:32 - [TEST_STEP][PASSED] - celltext = get(column).getText(): null

2020-08-27 10:44:32 - [TEST_STEP][PASSED] - if (celltext == ExpectedValue): null

2020-08-27 10:44:32 - [TEST_STEP][PASSED] - celltext = get(column).getText(): null

2020-08-27 10:44:32 - [TEST_STEP][PASSED] - if (celltext == ExpectedValue): null

2020-08-27 10:44:32 - [TEST_STEP][PASSED] - celltext = get(column).getText(): null

2020-08-27 10:44:32 - [TEST_STEP][PASSED] - if (celltext == ExpectedValue): null

2020-08-27 10:44:32 - [TEST_STEP][PASSED] - celltext = get(column).getText(): null

2020-08-27 10:44:32 - [TEST_STEP][PASSED] - if (celltext == ExpectedValue): null

2020-08-27 10:44:32 - [TEST_STEP][PASSED] - celltext = get(column).getText(): null

2020-08-27 10:44:32 - [TEST_STEP][PASSED] - if (celltext == ExpectedValue): null

2020-08-27 10:44:32 - [TEST_STEP][PASSED] - celltext = get(column).getText(): null

2020-08-27 10:44:32 - [TEST_STEP][PASSED] - if (celltext == ExpectedValue): null

2020-08-27 10:44:32 - [TEST_STEP][PASSED] - celltext = get(column).getText(): null

2020-08-27 10:44:32 - [TEST_STEP][PASSED] - if (celltext == ExpectedValue): null

2020-08-27 10:44:32 - [TEST_STEP][PASSED] - celltext = get(column).getText(): null

2020-08-27 10:44:32 - [TEST_STEP][PASSED] - if (celltext == ExpectedValue): null

2020-08-27 10:44:32 - [TEST_STEP][PASSED] - celltext = get(column).getText(): null

2020-08-27 10:44:32 - [TEST_STEP][PASSED] - if (celltext == ExpectedValue): null

2020-08-27 10:44:32 - [TEST_STEP][PASSED] - Columns_row = get(row).findElements(By.tagName("td")): null

2020-08-27 10:44:33 - [TEST_STEP][PASSED] - columns_count = Columns_row.size(): null

2020-08-27 10:44:33 - [TEST_STEP][PASSED] - for ([column = 0, column < columns_count, (column++)]): null

2020-08-27 10:44:33 - [TEST_STEP][PASSED] - celltext = get(column).getText(): null

2020-08-27 10:44:33 - [TEST_STEP][PASSED] - if (celltext == ExpectedValue): null

2020-08-27 10:44:33 - [TEST_STEP][PASSED] - celltext = get(column).getText(): null

2020-08-27 10:44:33 - [TEST_STEP][PASSED] - if (celltext == ExpectedValue): null

2020-08-27 10:44:33 - [TEST_STEP][PASSED] - celltext = get(column).getText(): null

2020-08-27 10:44:33 - [TEST_STEP][PASSED] - if (celltext == ExpectedValue): null

2020-08-27 10:44:33 - [TEST_STEP][PASSED] - celltext = get(column).getText(): null

2020-08-27 10:44:33 - [TEST_STEP][PASSED] - if (celltext == ExpectedValue): null

2020-08-27 10:44:33 - [TEST_STEP][PASSED] - celltext = get(column).getText(): null

2020-08-27 10:44:33 - [TEST_STEP][PASSED] - if (celltext == ExpectedValue): null

2020-08-27 10:44:33 - [TEST_STEP][PASSED] - celltext = get(column).getText(): null

2020-08-27 10:44:33 - [TEST_STEP][PASSED] - if (celltext == ExpectedValue): null

2020-08-27 10:44:33 - [TEST_STEP][PASSED] - celltext = get(column).getText(): null

2020-08-27 10:44:33 - [TEST_STEP][PASSED] - if (celltext == ExpectedValue): null

2020-08-27 10:44:33 - [TEST_STEP][PASSED] - celltext = get(column).getText(): null

2020-08-27 10:44:33 - [TEST_STEP][PASSED] - if (celltext == ExpectedValue): null

2020-08-27 10:44:33 - [TEST_STEP][PASSED] - celltext = get(column).getText(): null

2020-08-27 10:44:33 - [TEST_STEP][PASSED] - if (celltext == ExpectedValue): null

2020-08-27 10:44:33 - [TEST_STEP][PASSED] - Columns_row = get(row).findElements(By.tagName("td")): null

2020-08-27 10:44:33 - [TEST_STEP][PASSED] - columns_count = Columns_row.size(): null

2020-08-27 10:44:33 - [TEST_STEP][PASSED] - for ([column = 0, column < columns_count, (column++)]): null

2020-08-27 10:44:33 - [TEST_STEP][PASSED] - celltext = get(column).getText(): null

2020-08-27 10:44:33 - [TEST_STEP][PASSED] - if (celltext == ExpectedValue): null

2020-08-27 10:44:33 - [TEST_STEP][PASSED] - celltext = get(column).getText(): null

2020-08-27 10:44:33 - [TEST_STEP][PASSED] - if (celltext == ExpectedValue): null

2020-08-27 10:44:33 - [TEST_STEP][PASSED] - celltext = get(column).getText(): null

2020-08-27 10:44:33 - [TEST_STEP][PASSED] - if (celltext == ExpectedValue): null

2020-08-27 10:44:33 - [TEST_STEP][PASSED] - celltext = get(column).getText(): null

2020-08-27 10:44:33 - [TEST_STEP][PASSED] - if (celltext == ExpectedValue): null

2020-08-27 10:44:33 - [TEST_STEP][PASSED] - celltext = get(column).getText(): null

2020-08-27 10:44:33 - [TEST_STEP][PASSED] - if (celltext == ExpectedValue): null

2020-08-27 10:44:33 - [TEST_STEP][PASSED] - celltext = get(column).getText(): null

2020-08-27 10:44:33 - [TEST_STEP][PASSED] - if (celltext == ExpectedValue): null

2020-08-27 10:44:33 - [TEST_STEP][PASSED] - celltext = get(column).getText(): null

2020-08-27 10:44:33 - [TEST_STEP][PASSED] - if (celltext == ExpectedValue): null

2020-08-27 10:44:33 - [TEST_STEP][PASSED] - celltext = get(column).getText(): null

2020-08-27 10:44:33 - [TEST_STEP][PASSED] - if (celltext == ExpectedValue): null

2020-08-27 10:44:33 - [TEST_STEP][PASSED] - celltext = get(column).getText(): null

2020-08-27 10:44:33 - [TEST_STEP][PASSED] - if (celltext == ExpectedValue): null

2020-08-27 10:44:33 - [TEST_STEP][PASSED] - Columns_row = get(row).findElements(By.tagName("td")): null

2020-08-27 10:44:33 - [TEST_STEP][PASSED] - columns_count = Columns_row.size(): null

2020-08-27 10:44:33 - [TEST_STEP][PASSED] - for ([column = 0, column < columns_count, (column++)]): null

2020-08-27 10:44:33 - [TEST_STEP][PASSED] - celltext = get(column).getText(): null

2020-08-27 10:44:33 - [TEST_STEP][PASSED] - if (celltext == ExpectedValue): null

2020-08-27 10:44:33 - [TEST_STEP][PASSED] - celltext = get(column).getText(): null

2020-08-27 10:44:33 - [TEST_STEP][PASSED] - if (celltext == ExpectedValue): null

2020-08-27 10:44:33 - [TEST_STEP][PASSED] - celltext = get(column).getText(): null

2020-08-27 10:44:33 - [TEST_STEP][PASSED] - if (celltext == ExpectedValue): null

2020-08-27 10:44:33 - [TEST_STEP][PASSED] - celltext = get(column).getText(): null

2020-08-27 10:44:33 - [TEST_STEP][PASSED] - if (celltext == ExpectedValue): null

2020-08-27 10:44:33 - [TEST_STEP][PASSED] - celltext = get(column).getText(): null

2020-08-27 10:44:34 - [TEST_STEP][PASSED] - if (celltext == ExpectedValue): null

2020-08-27 10:44:34 - [TEST_STEP][PASSED] - celltext = get(column).getText(): null

2020-08-27 10:44:34 - [TEST_STEP][PASSED] - if (celltext == ExpectedValue): null

2020-08-27 10:44:34 - [TEST_STEP][PASSED] - celltext = get(column).getText(): null

2020-08-27 10:44:34 - [TEST_STEP][PASSED] - if (celltext == ExpectedValue): null

2020-08-27 10:44:34 - [TEST_STEP][PASSED] - celltext = get(column).getText(): null

2020-08-27 10:44:34 - [TEST_STEP][PASSED] - if (celltext == ExpectedValue): null

2020-08-27 10:44:34 - [TEST_STEP][PASSED] - celltext = get(column).getText(): null

2020-08-27 10:44:34 - [TEST_STEP][PASSED] - if (celltext == ExpectedValue): null

2020-08-27 10:44:34 - [TEST_STEP][PASSED] - Columns_row = get(row).findElements(By.tagName("td")): null

2020-08-27 10:44:34 - [TEST_STEP][PASSED] - columns_count = Columns_row.size(): null

2020-08-27 10:44:34 - [TEST_STEP][PASSED] - for ([column = 0, column < columns_count, (column++)]): null

2020-08-27 10:44:34 - [TEST_STEP][PASSED] - celltext = get(column).getText(): null

2020-08-27 10:44:34 - [TEST_STEP][PASSED] - if (celltext == ExpectedValue): null

2020-08-27 10:44:34 - [TEST_STEP][PASSED] - celltext = get(column).getText(): null

2020-08-27 10:44:34 - [TEST_STEP][PASSED] - if (celltext == ExpectedValue): null

2020-08-27 10:44:34 - [TEST_STEP][PASSED] - CaseID = get(0).getText(): null

2020-08-27 10:44:34 - [TEST_STEP][PASSED] - println("Case ID: " + CaseID): null

2020-08-27 10:44:34 - [TEST_STEP][PASSED] - tagName("span")).click(): null

2020-08-27 10:44:34 - [TEST_STEP][PASSED] - xpath("//*[text()=' MIGUEL ODA ']")).click(): null

2020-08-27 10:44:35 - [TEST_STEP][PASSED] - tagName("button")).click(): null

2020-08-27 10:44:36 - [TEST_STEP][PASSED] - break: null

2020-08-27 10:44:36 - [TEST_STEP][PASSED] - delay(3): Delayed 3 second(s)

2020-08-27 10:44:39 - [MESSAGE][PASSED] - Delayed 3 second(s)

2020-08-27 10:44:39 - [TEST_STEP][PASSED] - closeBrowser(): Browser is closed

2020-08-27 10:44:40 - [MESSAGE][PASSED] - Browser is closed]]></system-out>
         <system-err><![CDATA[]]></system-err>
      </testcase>
      <system-out><![CDATA[2020-08-27 10:41:54 - [TEST_SUITE][PASSED] - Clemency Regression Testing: Test Cases/Clemency Regression Testing/3-SupervisorAssignCase]]></system-out>
      <system-err><![CDATA[]]></system-err>
   </testsuite>
</testsuites>
